<?xml version="1.0" encoding="UTF-8"?>
<!-- Generated by org.testng.reporters.JUnitXMLReporter -->
<testsuite ignored="2" hostname="DESKTOP-G7UNPK1" failures="0" tests="1" name="Surefire test" time="1.943" errors="0" timestamp="2021-02-03T20:20:29 MSK">
  <testcase classname="tests.TestCase" name="test" time="1.116"/>
  <testcase classname="tests.BaseTest" name="@AfterTest close" time="0.0">
    <ignored/>
  </testcase> <!-- @AfterTest close -->
  <testcase classname="tests.BaseTest" name="@BeforeTest setup" time="0.0">
    <ignored/>
  </testcase> <!-- @BeforeTest setup -->
</testsuite> <!-- Surefire test -->
