<?xml version="1.0" encoding="UTF-8"?>
<testng-results ignored="2" total="3" passed="1" failed="0" skipped="0">
  <reporter-output>
  </reporter-output>
  <suite started-at="2021-02-03T20:20:28 MSK" name="Surefire suite" finished-at="2021-02-03T20:20:29 MSK" duration-ms="1943">
    <groups>
    </groups>
    <test started-at="2021-02-03T20:20:28 MSK" name="Surefire test" finished-at="2021-02-03T20:20:29 MSK" duration-ms="1943">
      <class name="tests.BaseTest">
        <test-method is-config="true" signature="setup()[pri:0, instance:tests.BaseTest@24934262]" started-at="2021-02-03T20:20:28 MSK" name="setup" finished-at="2021-02-03T20:20:28 MSK" duration-ms="143" status="PASS">
          <reporter-output>
          </reporter-output>
        </test-method> <!-- setup -->
        <test-method is-config="true" signature="close()[pri:0, instance:tests.BaseTest@24934262]" started-at="2021-02-03T20:20:29 MSK" name="close" finished-at="2021-02-03T20:20:29 MSK" duration-ms="665" status="PASS">
          <reporter-output>
          </reporter-output>
        </test-method> <!-- close -->
      </class> <!-- tests.BaseTest -->
      <class name="tests.TestCase">
        <test-method signature="test()[pri:0, instance:tests.TestCase@93f432e]" started-at="2021-02-03T20:20:28 MSK" name="test" finished-at="2021-02-03T20:20:29 MSK" duration-ms="1116" status="PASS">
          <reporter-output>
          </reporter-output>
        </test-method> <!-- test -->
      </class> <!-- tests.TestCase -->
    </test> <!-- Surefire test -->
  </suite> <!-- Surefire suite -->
</testng-results>
