<?xml version="1.0" encoding="UTF-8"?>
<testsuite xmlns:xsi="http://www.w3.org/2001/XMLSchema-instance" xsi:noNamespaceSchemaLocation="https://maven.apache.org/surefire/maven-surefire-plugin/xsd/surefire-test-report-3.0.xsd" version="3.0" name="TestSuite" time="5.296" tests="1" errors="0" skipped="0" failures="0">
  <properties>
[...]
</properties>
  <testcase name="test" classname="tests.TestCase" time="1.1">
    <system-out><![CDATA[2021-02-03 20:20:26 DEBUG - Got browser profile options from settings file: 
{disable-popup-blocking=true, profile.default_content_settings.popups=0, download.prompt_for_download=false, intl.accept_languages=en, safebrowsing.enabled=true, download.default_directory=//home//selenium//downloads}
2021-02-03 20:20:26 DEBUG - Got browser capabilities from settings file: 
{enableVNC=true}
2021-02-03 20:20:27 DEBUG - Set '60' timeout in seconds for loading of pages
2021-02-03 20:20:27 DEBUG - Set async javascript execution timeout '10' in seconds
2021-02-03 20:20:27 INFO  - Browser 'CHROME' ready...
2021-02-03 20:20:28 INFO  - Maximizing browser window
2021-02-03 20:20:28 INFO  - Waiting for page to load
2021-02-03 20:20:28 INFO  - Navigate to url - 'http://user:passwd@httpbin.org/basic-auth/user/passwd'
2021-02-03 20:20:29 INFO  - Label 'ResultFromPage' :: Getting text from element
2021-02-03 20:20:29 INFO  - Label 'ResultFromPage' :: Element's text: [{
  "authenticated": true, 
  "user": "user"
}]
]]></system-out>
    <system-err><![CDATA[SLF4J: Failed to load class "org.slf4j.impl.StaticLoggerBinder".
SLF4J: Defaulting to no-operation (NOP) logger implementation
SLF4J: See http://www.slf4j.org/codes.html#StaticLoggerBinder for further details.
Starting ChromeDriver 88.0.4324.96 (68dba2d8a0b149a1d3afac56fa74648032bcf46b-refs/branch-heads/4324@{#1784}) on port 40226
Only local connections are allowed.
Please see https://chromedriver.chromium.org/security-considerations for suggestions on keeping ChromeDriver safe.
ChromeDriver was started successfully.
февр. 03, 2021 8:20:27 PM org.openqa.selenium.remote.ProtocolHandshake createSession
INFO: Detected dialect: W3C
]]></system-err>
  </testcase>
</testsuite>